Determining if the pthread_create exist failed with the following output:
Change Dir: /home/matteoinformatica/Documenti/primoProgettoPC/progetto/cmake-build-debug/CMakeFiles/CMakeTmp

Run Build Command:"/usr/bin/make" "cmTC_c37d3/fast"
/usr/bin/make -f CMakeFiles/cmTC_c37d3.dir/build.make CMakeFiles/cmTC_c37d3.dir/build
make[1]: ingresso nella directory "/home/matteoinformatica/Documenti/primoProgettoPC/progetto/cmake-build-debug/CMakeFiles/CMakeTmp"
Building C object CMakeFiles/cmTC_c37d3.dir/CheckSymbolExists.c.o
/usr/bin/cc   -std=gnu99 -o CMakeFiles/cmTC_c37d3.dir/CheckSymbolExists.c.o   -c /home/matteoinformatica/Documenti/primoProgettoPC/progetto/cmake-build-debug/CMakeFiles/CMakeTmp/CheckSymbolExists.c
Linking C executable cmTC_c37d3
/home/matteoinformatica/Scrivania/CLion-2018.2.4/clion-2018.2.4/bin/cmake/linux/bin/cmake -E cmake_link_script CMakeFiles/cmTC_c37d3.dir/link.txt --verbose=1
/usr/bin/cc      CMakeFiles/cmTC_c37d3.dir/CheckSymbolExists.c.o  -o cmTC_c37d3 
CMakeFiles/cmTC_c37d3.dir/CheckSymbolExists.c.o: nella funzione "main":
CheckSymbolExists.c:(.text+0x1b): riferimento non definito a "pthread_create"
collect2: error: ld returned 1 exit status
CMakeFiles/cmTC_c37d3.dir/build.make:86: recipe for target 'cmTC_c37d3' failed
make[1]: *** [cmTC_c37d3] Error 1
make[1]: uscita dalla directory "/home/matteoinformatica/Documenti/primoProgettoPC/progetto/cmake-build-debug/CMakeFiles/CMakeTmp"
Makefile:121: recipe for target 'cmTC_c37d3/fast' failed
make: *** [cmTC_c37d3/fast] Error 2

File /home/matteoinformatica/Documenti/primoProgettoPC/progetto/cmake-build-debug/CMakeFiles/CMakeTmp/CheckSymbolExists.c:
/* */
#include <pthread.h>

int main(int argc, char** argv)
{
  (void)argv;
#ifndef pthread_create
  return ((int*)(&pthread_create))[argc];
#else
  (void)argc;
  return 0;
#endif
}

Determining if the function pthread_create exists in the pthreads failed with the following output:
Change Dir: /home/matteoinformatica/Documenti/primoProgettoPC/progetto/cmake-build-debug/CMakeFiles/CMakeTmp

Run Build Command:"/usr/bin/make" "cmTC_279a2/fast"
/usr/bin/make -f CMakeFiles/cmTC_279a2.dir/build.make CMakeFiles/cmTC_279a2.dir/build
make[1]: ingresso nella directory "/home/matteoinformatica/Documenti/primoProgettoPC/progetto/cmake-build-debug/CMakeFiles/CMakeTmp"
Building C object CMakeFiles/cmTC_279a2.dir/CheckFunctionExists.c.o
/usr/bin/cc   -DCHECK_FUNCTION_EXISTS=pthread_create   -std=gnu99 -o CMakeFiles/cmTC_279a2.dir/CheckFunctionExists.c.o   -c /home/matteoinformatica/Scrivania/CLion-2018.2.4/clion-2018.2.4/bin/cmake/linux/share/cmake-3.12/Modules/CheckFunctionExists.c
Linking C executable cmTC_279a2
/home/matteoinformatica/Scrivania/CLion-2018.2.4/clion-2018.2.4/bin/cmake/linux/bin/cmake -E cmake_link_script CMakeFiles/cmTC_279a2.dir/link.txt --verbose=1
/usr/bin/cc  -DCHECK_FUNCTION_EXISTS=pthread_create    CMakeFiles/cmTC_279a2.dir/CheckFunctionExists.c.o  -o cmTC_279a2 -lpthreads 
/usr/bin/ld: impossibile trovare -lpthreads
collect2: error: ld returned 1 exit status
CMakeFiles/cmTC_279a2.dir/build.make:86: recipe for target 'cmTC_279a2' failed
make[1]: *** [cmTC_279a2] Error 1
make[1]: uscita dalla directory "/home/matteoinformatica/Documenti/primoProgettoPC/progetto/cmake-build-debug/CMakeFiles/CMakeTmp"
Makefile:121: recipe for target 'cmTC_279a2/fast' failed
make: *** [cmTC_279a2/fast] Error 2


